<?xml version="1.0" encoding="UTF-8"?>
<testng-results skipped="0" failed="0" ignored="0" total="1" passed="1">
  <reporter-output>
  </reporter-output>
  <suite name="Suite" duration-ms="44596" started-at="2019-02-11T11:11:07Z" finished-at="2019-02-11T11:11:51Z">
    <groups>
    </groups>
    <test name="Test" duration-ms="44596" started-at="2019-02-11T11:11:07Z" finished-at="2019-02-11T11:11:51Z">
      <class name="trialGroupID.facemap">
        <test-method status="PASS" signature="setup()[pri:0, instance:trialGroupID.facemap@5d624da6]" name="setup" is-config="true" duration-ms="624" started-at="2019-02-11T11:11:07Z" finished-at="2019-02-11T11:11:07Z">
          <reporter-output>
          </reporter-output>
        </test-method> <!-- setup -->
        <test-method status="PASS" signature="register(java.lang.reflect.Method)[pri:0, instance:trialGroupID.facemap@5d624da6]" name="register" is-config="true" duration-ms="24" started-at="2019-02-11T11:11:07Z" finished-at="2019-02-11T11:11:07Z">
          <params>
            <param index="0">
              <value>
                <![CDATA[public void trialGroupID.facemap.chrome() throws java.lang.InterruptedException]]>
              </value>
            </param>
          </params>
          <reporter-output>
          </reporter-output>
        </test-method> <!-- register -->
        <test-method status="PASS" signature="chrome()[pri:0, instance:trialGroupID.facemap@5d624da6]" name="chrome" duration-ms="43451" started-at="2019-02-11T11:11:07Z" finished-at="2019-02-11T11:11:51Z">
          <reporter-output>
          </reporter-output>
        </test-method> <!-- chrome -->
        <test-method status="PASS" signature="status(org.testng.ITestResult)[pri:0, instance:trialGroupID.facemap@5d624da6]" name="status" is-config="true" duration-ms="1" started-at="2019-02-11T11:11:51Z" finished-at="2019-02-11T11:11:51Z">
          <params>
            <param index="0">
              <value>
                <![CDATA[[TestResult name=chrome status=SUCCESS method=facemap.chrome()[pri:0, instance:trialGroupID.facemap@5d624da6] output={null}]]]>
              </value>
            </param>
          </params>
          <reporter-output>
          </reporter-output>
        </test-method> <!-- status -->
        <test-method status="PASS" signature="cleanup()[pri:0, instance:trialGroupID.facemap@5d624da6]" name="cleanup" is-config="true" duration-ms="427" started-at="2019-02-11T11:11:51Z" finished-at="2019-02-11T11:11:51Z">
          <reporter-output>
          </reporter-output>
        </test-method> <!-- cleanup -->
      </class> <!-- trialGroupID.facemap -->
    </test> <!-- Test -->
  </suite> <!-- Suite -->
</testng-results>
